<?xml version="1.0" encoding="UTF-8"?>
<!-- Generated by org.testng.reporters.JUnitReportReporter -->
<testsuite skipped="0" hostname="DESKTOP-O0R880F" name="testcases.TC01_checksumeoperation" tests="1" failures="0" timestamp="2023-01-10T00:11:23 AST" time="24.007" errors="0">
  <testcase name="checksumoperation" time="24.007" classname="testcases.TC01_checksumeoperation"/>
  <system-out/>
</testsuite> <!-- testcases.TC01_checksumeoperation -->
